[2019/02/17 15:44:41.045] - Starting server (version 1.3.0) with initial configuration: {"hostname":"127.0.0.1","port":7545,"network_id":5777,"default_balance_ether":100,"total_accounts":10,"unlocked_accounts":[],"locked":false,"vmErrorsOnRPCResponse":true,"verbose":true,"gasLimit":6721975,"gasPrice":20000000000,"hardfork":"constantinople","logDirectory":"/home/atharv/GitHub_Projects/CourseFeedbackSystem/Ganache_Logs"}
[2019/02/17 15:44:41.183] - eth_gasPrice
[2019/02/17 15:44:41.184] -    > {
   >   "jsonrpc": "2.0",
   >   "id": 26,
   >   "method": "eth_gasPrice",
   >   "params": [],
   >   "internal": true
   > }
[2019/02/17 15:44:41.185] - eth_getBlockByNumber
[2019/02/17 15:44:41.185] -    > {
   >   "jsonrpc": "2.0",
   >   "id": 27,
   >   "method": "eth_getBlockByNumber",
   >   "params": [
   >     "latest",
   >     false
   >   ],
   >   "internal": true
   > }
[2019/02/17 15:44:41.186] -  <   {
 <     "id": 26,
 <     "jsonrpc": "2.0",
 <     "result": "0x4a817c800"
 <   }
[2019/02/17 15:44:41.187] - eth_subscribe
[2019/02/17 15:44:41.187] -    > {
   >   "jsonrpc": "2.0",
   >   "id": 28,
   >   "method": "eth_subscribe",
   >   "params": [
   >     "newHeads"
   >   ],
   >   "internal": true
   > }
[2019/02/17 15:44:41.191] -  <   {
 <     "id": 27,
 <     "jsonrpc": "2.0",
 <     "result": {
 <       "number": "0x0",
 <       "hash": "0x52c559d83a8950f444f2806a9ca21400da3f3119bfc316c633e0a074bcba06a6",
 <       "parentHash": "0x0000000000000000000000000000000000000000000000000000000000000000",
 <       "mixHash": "0x0000000000000000000000000000000000000000000000000000000000000000",
 <       "nonce": "0x0000000000000000",
 <       "sha3Uncles": "0x1dcc4de8dec75d7aab85b567b6ccd41ad312451b948a7413f0a142fd40d49347",
 <       "logsBloom": "0x00000000000000000000000000000000000000000000000000000000000000000000000000000000000000000000000000000000000000000000000000000000000000000000000000000000000000000000000000000000000000000000000000000000000000000000000000000000000000000000000000000000000000000000000000000000000000000000000000000000000000000000000000000000000000000000000000000000000000000000000000000000000000000000000000000000000000000000000000000000000000000000000000000000000000000000000000000000000000000000000000000000000000000000000000000000",
 <       "transactionsRoot": "0x56e81f171bcc55a6ff8345e692c0f86e5b48e01b996cadc001622fb5e363b421",
 <       "stateRoot": "0x2f3340eb1377b6bdec3d40ce78257457d74b19d589ba10cef7bfde09712ee248",
 <       "receiptsRoot": "0x56e81f171bcc55a6ff8345e692c0f86e5b48e01b996cadc001622fb5e363b421",
 <       "miner": "0x0000000000000000000000000000000000000000",
 <       "difficulty": "0x0",
 <       "totalDifficulty": "0x0",
 <       "extraData": "0x",
 <       "size": "0x3e8",
 <       "gasLimit": "0x6691b7",
 <       "gasUsed": "0x0",
 <       "timestamp": "0x5c693411",
 <       "transactions": [],
 <       "uncles": []
 <     }
 <   }
[2019/02/17 15:44:41.192] - eth_accounts
[2019/02/17 15:44:41.193] -    > {
   >   "jsonrpc": "2.0",
   >   "id": 25,
   >   "method": "eth_accounts",
   >   "params": [],
   >   "internal": true
   > }
[2019/02/17 15:44:41.194] -  <   {
 <     "id": 28,
 <     "jsonrpc": "2.0",
 <     "result": "0x1"
 <   }
[2019/02/17 15:44:41.196] -  <   {
 <     "id": 25,
 <     "jsonrpc": "2.0",
 <     "result": [
 <       "0xc67635410b76dd3395eca68a869ba57cf978b4a2",
 <       "0xdf824dfb10e5e9089dcaa89c62111f75814f9c4a",
 <       "0x26f5051531dc81f0108389e5b32755366eff1c6f",
 <       "0xf51f45b3370453cffd01ab0744d604117d4d53cb",
 <       "0xca59c867a427f04d94df80703a4ff81bae8f0544",
 <       "0x1879c456e0eee354315cb6ec8b1cfe5b291213bb",
 <       "0x76e5f873ae0a0f88cf1681b1684369a04eed4096",
 <       "0x4b4977148a8d040fd7a1bfe1ed38da2bf6e3cb36",
 <       "0x7777d72107821cc5dd3bbe693035dad0af8fc3a9",
 <       "0x40b12faeac2c596929bc97445438fb8d1be390ee"
 <     ]
 <   }
[2019/02/17 15:44:41.205] - eth_getBalance
[2019/02/17 15:44:41.206] -    > {
   >   "jsonrpc": "2.0",
   >   "id": 29,
   >   "method": "eth_getBalance",
   >   "params": [
   >     "0xc67635410b76dd3395eca68a869ba57cf978b4a2",
   >     "latest"
   >   ],
   >   "internal": true
   > }
[2019/02/17 15:44:41.206] - eth_getTransactionCount
[2019/02/17 15:44:41.208] -    > {
   >   "jsonrpc": "2.0",
   >   "id": 30,
   >   "method": "eth_getTransactionCount",
   >   "params": [
   >     "0xc67635410b76dd3395eca68a869ba57cf978b4a2",
   >     "latest"
   >   ],
   >   "internal": true
   > }
[2019/02/17 15:44:41.212] -  <   {
 <     "id": 29,
 <     "jsonrpc": "2.0",
 <     "result": "0x56bc75e2d63100000"
 <   }
[2019/02/17 15:44:41.213] - eth_getBalance
[2019/02/17 15:44:41.213] -    > {
   >   "jsonrpc": "2.0",
   >   "id": 31,
   >   "method": "eth_getBalance",
   >   "params": [
   >     "0xdf824dfb10e5e9089dcaa89c62111f75814f9c4a",
   >     "latest"
   >   ],
   >   "internal": true
   > }
[2019/02/17 15:44:41.214] - eth_getTransactionCount
[2019/02/17 15:44:41.214] -    > {
   >   "jsonrpc": "2.0",
   >   "id": 32,
   >   "method": "eth_getTransactionCount",
   >   "params": [
   >     "0xdf824dfb10e5e9089dcaa89c62111f75814f9c4a",
   >     "latest"
   >   ],
   >   "internal": true
   > }
[2019/02/17 15:44:41.217] -  <   {
 <     "id": 30,
 <     "jsonrpc": "2.0",
 <     "result": "0x0"
 <   }
[2019/02/17 15:44:41.218] - eth_getBalance
[2019/02/17 15:44:41.218] -    > {
   >   "jsonrpc": "2.0",
   >   "id": 33,
   >   "method": "eth_getBalance",
   >   "params": [
   >     "0x26f5051531dc81f0108389e5b32755366eff1c6f",
   >     "latest"
   >   ],
   >   "internal": true
   > }
[2019/02/17 15:44:41.219] - eth_getTransactionCount
[2019/02/17 15:44:41.219] -    > {
   >   "jsonrpc": "2.0",
   >   "id": 34,
   >   "method": "eth_getTransactionCount",
   >   "params": [
   >     "0x26f5051531dc81f0108389e5b32755366eff1c6f",
   >     "latest"
   >   ],
   >   "internal": true
   > }
[2019/02/17 15:44:41.219] - eth_getBalance
[2019/02/17 15:44:41.220] -    > {
   >   "jsonrpc": "2.0",
   >   "id": 35,
   >   "method": "eth_getBalance",
   >   "params": [
   >     "0xf51f45b3370453cffd01ab0744d604117d4d53cb",
   >     "latest"
   >   ],
   >   "internal": true
   > }
[2019/02/17 15:44:41.222] -  <   {
 <     "id": 31,
 <     "jsonrpc": "2.0",
 <     "result": "0x56bc75e2d63100000"
 <   }
[2019/02/17 15:44:41.223] - eth_getTransactionCount
[2019/02/17 15:44:41.224] -    > {
   >   "jsonrpc": "2.0",
   >   "id": 36,
   >   "method": "eth_getTransactionCount",
   >   "params": [
   >     "0xf51f45b3370453cffd01ab0744d604117d4d53cb",
   >     "latest"
   >   ],
   >   "internal": true
   > }
[2019/02/17 15:44:41.224] - eth_getBalance
[2019/02/17 15:44:41.225] -    > {
   >   "jsonrpc": "2.0",
   >   "id": 37,
   >   "method": "eth_getBalance",
   >   "params": [
   >     "0xca59c867a427f04d94df80703a4ff81bae8f0544",
   >     "latest"
   >   ],
   >   "internal": true
   > }
[2019/02/17 15:44:41.225] - eth_getTransactionCount
[2019/02/17 15:44:41.225] -    > {
   >   "jsonrpc": "2.0",
   >   "id": 38,
   >   "method": "eth_getTransactionCount",
   >   "params": [
   >     "0xca59c867a427f04d94df80703a4ff81bae8f0544",
   >     "latest"
   >   ],
   >   "internal": true
   > }
[2019/02/17 15:44:41.226] - eth_getBalance
[2019/02/17 15:44:41.226] -    > {
   >   "jsonrpc": "2.0",
   >   "id": 39,
   >   "method": "eth_getBalance",
   >   "params": [
   >     "0x1879c456e0eee354315cb6ec8b1cfe5b291213bb",
   >     "latest"
   >   ],
   >   "internal": true
   > }
[2019/02/17 15:44:41.228] -  <   {
 <     "id": 32,
 <     "jsonrpc": "2.0",
 <     "result": "0x0"
 <   }
[2019/02/17 15:44:41.229] - eth_getTransactionCount
[2019/02/17 15:44:41.230] -    > {
   >   "jsonrpc": "2.0",
   >   "id": 40,
   >   "method": "eth_getTransactionCount",
   >   "params": [
   >     "0x1879c456e0eee354315cb6ec8b1cfe5b291213bb",
   >     "latest"
   >   ],
   >   "internal": true
   > }
[2019/02/17 15:44:41.230] - eth_getBalance
[2019/02/17 15:44:41.231] -    > {
   >   "jsonrpc": "2.0",
   >   "id": 41,
   >   "method": "eth_getBalance",
   >   "params": [
   >     "0x76e5f873ae0a0f88cf1681b1684369a04eed4096",
   >     "latest"
   >   ],
   >   "internal": true
   > }
[2019/02/17 15:44:41.231] - eth_getTransactionCount
[2019/02/17 15:44:41.232] -    > {
   >   "jsonrpc": "2.0",
   >   "id": 42,
   >   "method": "eth_getTransactionCount",
   >   "params": [
   >     "0x76e5f873ae0a0f88cf1681b1684369a04eed4096",
   >     "latest"
   >   ],
   >   "internal": true
   > }
[2019/02/17 15:44:41.232] - eth_getBalance
[2019/02/17 15:44:41.232] -    > {
   >   "jsonrpc": "2.0",
   >   "id": 43,
   >   "method": "eth_getBalance",
   >   "params": [
   >     "0x4b4977148a8d040fd7a1bfe1ed38da2bf6e3cb36",
   >     "latest"
   >   ],
   >   "internal": true
   > }
[2019/02/17 15:44:41.235] -  <   {
 <     "id": 33,
 <     "jsonrpc": "2.0",
 <     "result": "0x56bc75e2d63100000"
 <   }
[2019/02/17 15:44:41.236] - eth_getTransactionCount
[2019/02/17 15:44:41.236] -    > {
   >   "jsonrpc": "2.0",
   >   "id": 44,
   >   "method": "eth_getTransactionCount",
   >   "params": [
   >     "0x4b4977148a8d040fd7a1bfe1ed38da2bf6e3cb36",
   >     "latest"
   >   ],
   >   "internal": true
   > }
[2019/02/17 15:44:41.237] - eth_getBalance
[2019/02/17 15:44:41.237] -    > {
   >   "jsonrpc": "2.0",
   >   "id": 45,
   >   "method": "eth_getBalance",
   >   "params": [
   >     "0x7777d72107821cc5dd3bbe693035dad0af8fc3a9",
   >     "latest"
   >   ],
   >   "internal": true
   > }
[2019/02/17 15:44:41.237] - eth_getTransactionCount
[2019/02/17 15:44:41.238] -    > {
   >   "jsonrpc": "2.0",
   >   "id": 46,
   >   "method": "eth_getTransactionCount",
   >   "params": [
   >     "0x7777d72107821cc5dd3bbe693035dad0af8fc3a9",
   >     "latest"
   >   ],
   >   "internal": true
   > }
[2019/02/17 15:44:41.238] - eth_getBalance
[2019/02/17 15:44:41.238] -    > {
   >   "jsonrpc": "2.0",
   >   "id": 47,
   >   "method": "eth_getBalance",
   >   "params": [
   >     "0x40b12faeac2c596929bc97445438fb8d1be390ee",
   >     "latest"
   >   ],
   >   "internal": true
   > }
[2019/02/17 15:44:41.238] - eth_getTransactionCount
[2019/02/17 15:44:41.239] -    > {
   >   "jsonrpc": "2.0",
   >   "id": 48,
   >   "method": "eth_getTransactionCount",
   >   "params": [
   >     "0x40b12faeac2c596929bc97445438fb8d1be390ee",
   >     "latest"
   >   ],
   >   "internal": true
   > }
[2019/02/17 15:44:41.241] -  <   {
 <     "id": 34,
 <     "jsonrpc": "2.0",
 <     "result": "0x0"
 <   }
[2019/02/17 15:44:41.244] -  <   {
 <     "id": 35,
 <     "jsonrpc": "2.0",
 <     "result": "0x56bc75e2d63100000"
 <   }
[2019/02/17 15:44:41.251] -  <   {
 <     "id": 36,
 <     "jsonrpc": "2.0",
 <     "result": "0x0"
 <   }
[2019/02/17 15:44:41.256] -  <   {
 <     "id": 37,
 <     "jsonrpc": "2.0",
 <     "result": "0x56bc75e2d63100000"
 <   }
[2019/02/17 15:44:41.261] -  <   {
 <     "id": 38,
 <     "jsonrpc": "2.0",
 <     "result": "0x0"
 <   }
[2019/02/17 15:44:41.265] -  <   {
 <     "id": 39,
 <     "jsonrpc": "2.0",
 <     "result": "0x56bc75e2d63100000"
 <   }
[2019/02/17 15:44:41.269] -  <   {
 <     "id": 40,
 <     "jsonrpc": "2.0",
 <     "result": "0x0"
 <   }
[2019/02/17 15:44:41.274] -  <   {
 <     "id": 41,
 <     "jsonrpc": "2.0",
 <     "result": "0x56bc75e2d63100000"
 <   }
[2019/02/17 15:44:41.279] -  <   {
 <     "id": 42,
 <     "jsonrpc": "2.0",
 <     "result": "0x0"
 <   }
[2019/02/17 15:44:41.283] -  <   {
 <     "id": 43,
 <     "jsonrpc": "2.0",
 <     "result": "0x56bc75e2d63100000"
 <   }
[2019/02/17 15:44:41.288] -  <   {
 <     "id": 44,
 <     "jsonrpc": "2.0",
 <     "result": "0x0"
 <   }
[2019/02/17 15:44:41.293] -  <   {
 <     "id": 45,
 <     "jsonrpc": "2.0",
 <     "result": "0x56bc75e2d63100000"
 <   }
[2019/02/17 15:44:41.299] -  <   {
 <     "id": 46,
 <     "jsonrpc": "2.0",
 <     "result": "0x0"
 <   }
[2019/02/17 15:44:41.304] -  <   {
 <     "id": 47,
 <     "jsonrpc": "2.0",
 <     "result": "0x56bc75e2d63100000"
 <   }
[2019/02/17 15:44:41.309] -  <   {
 <     "id": 48,
 <     "jsonrpc": "2.0",
 <     "result": "0x0"
 <   }
